current directory: /home/runner/work/r-socialsci/r-socialsci/.vendor/bundle/ruby/2.7.0/gems/eventmachine-1.2.7/ext/fastfilereader
/opt/hostedtoolcache/Ruby/2.7.4/x64/bin/ruby -I /opt/hostedtoolcache/Ruby/2.7.4/x64/lib/ruby/2.7.0 -r ./siteconf20211008-12962-1f9qfok.rb extconf.rb
creating Makefile

current directory: /home/runner/work/r-socialsci/r-socialsci/.vendor/bundle/ruby/2.7.0/gems/eventmachine-1.2.7/ext/fastfilereader
make "DESTDIR=" clean
make[1]: Entering directory '/home/runner/work/r-socialsci/r-socialsci/.vendor/bundle/ruby/2.7.0/gems/eventmachine-1.2.7/ext/fastfilereader'
Makefile:175: warning: overriding recipe for target 'clean'
ĞÚòíU:175: warning: ignoring old recipe for target 'clean'
Makefile:182: warning: overriding recipe for target 'distclean'
ĞÚòíU:182: warning: ignoring old recipe for target 'distclean'
Makefile:190: warning: overriding recipe for target 'install-so'
ĞÚòíU:190: warning: ignoring old recipe for target 'install-so'
Makefile:200: warning: overriding recipe for target 'pre-install-rb-default'
ĞÚòíU:200: warning: ignoring old recipe for target 'pre-install-rb-default'
Makefile:202: warning: overriding recipe for target '.sitearchdir.time'
ĞÚòíU:202: warning: ignoring old recipe for target '.sitearchdir.time'
Makefile:212: warning: overriding recipe for target '.cc.o'
ĞÚòíU:212: warning: ignoring old recipe for target '.cc.o'
Makefile:216: warning: overriding recipe for target '.cc.S'
ĞÚòíU:216: warning: ignoring old recipe for target '.cc.S'
Makefile:220: warning: overriding recipe for target '.mm.o'
ĞÚòíU:220: warning: ignoring old recipe for target '.mm.o'
Makefile:224: warning: overriding recipe for target '.mm.S'
ĞÚòíU:224: warning: ignoring old recipe for target '.mm.S'
Makefile:228: warning: overriding recipe for target '.cxx.o'
ĞÚòíU:228: warning: ignoring old recipe for target '.cxx.o'
Makefile:232: warning: overriding recipe for target '.cxx.S'
ĞÚòíU:232: warning: ignoring old recipe for target '.cxx.S'
Makefile:236: warning: overriding recipe for target '.cpp.o'
ĞÚòíU:236: warning: ignoring old recipe for target '.cpp.o'
Makefile:240: warning: overriding recipe for target '.cpp.S'
ĞÚòíU:240: warning: ignoring old recipe for target '.cpp.S'
Makefile:244: warning: overriding recipe for target '.c.o'
ĞÚòíU:244: warning: ignoring old recipe for target '.c.o'
Makefile:248: warning: overriding recipe for target '.c.S'
ĞÚòíU:248: warning: ignoring old recipe for target '.c.S'
Makefile:252: warning: overriding recipe for target '.m.o'
ĞÚòíU:252: warning: ignoring old recipe for target '.m.o'
Makefile:256: warning: overriding recipe for target '.m.S'
ĞÚòíU:256: warning: ignoring old recipe for target '.m.S'
Makefile:260: warning: overriding recipe for target 'fastfilereaderext.so'
ĞÚòíU:260: warning: ignoring old recipe for target 'fastfilereaderext.so'
make[1]: Leaving directory '/home/runner/work/r-socialsci/r-socialsci/.vendor/bundle/ruby/2.7.0/gems/eventmachine-1.2.7/ext/fastfilereader'

current directory: /home/runner/work/r-socialsci/r-socialsci/.vendor/bundle/ruby/2.7.0/gems/eventmachine-1.2.7/ext/fastfilereader
make "DESTDIR="
make[1]: Entering directory '/home/runner/work/r-socialsci/r-socialsci/.vendor/bundle/ruby/2.7.0/gems/eventmachine-1.2.7/ext/fastfilereader'
Makefile:175: warning: overriding recipe for target 'clean'
Ğü7Ç½U:175: warning: ignoring old recipe for target 'clean'
Makefile:182: warning: overriding recipe for target 'distclean'
Ğü7Ç½U:182: warning: ignoring old recipe for target 'distclean'
Makefile:190: warning: overriding recipe for target 'install-so'
Ğü7Ç½U:190: warning: ignoring old recipe for target 'install-so'
Makefile:200: warning: overriding recipe for target 'pre-install-rb-default'
Ğü7Ç½U:200: warning: ignoring old recipe for target 'pre-install-rb-default'
Makefile:202: warning: overriding recipe for target '.sitearchdir.time'
Ğü7Ç½U:202: warning: ignoring old recipe for target '.sitearchdir.time'
Makefile:212: warning: overriding recipe for target '.cc.o'
Ğü7Ç½U:212: warning: ignoring old recipe for target '.cc.o'
Makefile:216: warning: overriding recipe for target '.cc.S'
Ğü7Ç½U:216: warning: ignoring old recipe for target '.cc.S'
Makefile:220: warning: overriding recipe for target '.mm.o'
Ğü7Ç½U:220: warning: ignoring old recipe for target '.mm.o'
Makefile:224: warning: overriding recipe for target '.mm.S'
Ğü7Ç½U:224: warning: ignoring old recipe for target '.mm.S'
Makefile:228: warning: overriding recipe for target '.cxx.o'
Ğü7Ç½U:228: warning: ignoring old recipe for target '.cxx.o'
Makefile:232: warning: overriding recipe for target '.cxx.S'
Ğü7Ç½U:232: warning: ignoring old recipe for target '.cxx.S'
Makefile:236: warning: overriding recipe for target '.cpp.o'
Ğü7Ç½U:236: warning: ignoring old recipe for target '.cpp.o'
Makefile:240: warning: overriding recipe for target '.cpp.S'
Ğü7Ç½U:240: warning: ignoring old recipe for target '.cpp.S'
Makefile:244: warning: overriding recipe for target '.c.o'
Ğü7Ç½U:244: warning: ignoring old recipe for target '.c.o'
Makefile:248: warning: overriding recipe for target '.c.S'
Ğü7Ç½U:248: warning: ignoring old recipe for target '.c.S'
Makefile:252: warning: overriding recipe for target '.m.o'
Ğü7Ç½U:252: warning: ignoring old recipe for target '.m.o'
Makefile:256: warning: overriding recipe for target '.m.S'
Ğü7Ç½U:256: warning: ignoring old recipe for target '.m.S'
Makefile:260: warning: overriding recipe for target 'fastfilereaderext.so'
Ğü7Ç½U:260: warning: ignoring old recipe for target 'fastfilereaderext.so'
compiling mapper.cpp
compiling rubymain.cpp
linking shared-object fastfilereaderext.so
make[1]: Leaving directory '/home/runner/work/r-socialsci/r-socialsci/.vendor/bundle/ruby/2.7.0/gems/eventmachine-1.2.7/ext/fastfilereader'

current directory: /home/runner/work/r-socialsci/r-socialsci/.vendor/bundle/ruby/2.7.0/gems/eventmachine-1.2.7/ext/fastfilereader
make "DESTDIR=" install
make[1]: Entering directory '/home/runner/work/r-socialsci/r-socialsci/.vendor/bundle/ruby/2.7.0/gems/eventmachine-1.2.7/ext/fastfilereader'
Makefile:175: warning: overriding recipe for target 'clean'
Ğì$ÖU:175: warning: ignoring old recipe for target 'clean'
Makefile:182: warning: overriding recipe for target 'distclean'
Ğì$ÖU:182: warning: ignoring old recipe for target 'distclean'
Makefile:190: warning: overriding recipe for target 'install-so'
Ğì$ÖU:190: warning: ignoring old recipe for target 'install-so'
Makefile:200: warning: overriding recipe for target 'pre-install-rb-default'
Ğì$ÖU:200: warning: ignoring old recipe for target 'pre-install-rb-default'
Makefile:202: warning: overriding recipe for target '.sitearchdir.time'
Ğì$ÖU:202: warning: ignoring old recipe for target '.sitearchdir.time'
Makefile:212: warning: overriding recipe for target '.cc.o'
Ğì$ÖU:212: warning: ignoring old recipe for target '.cc.o'
Makefile:216: warning: overriding recipe for target '.cc.S'
Ğì$ÖU:216: warning: ignoring old recipe for target '.cc.S'
Makefile:220: warning: overriding recipe for target '.mm.o'
Ğì$ÖU:220: warning: ignoring old recipe for target '.mm.o'
Makefile:224: warning: overriding recipe for target '.mm.S'
Ğì$ÖU:224: warning: ignoring old recipe for target '.mm.S'
Makefile:228: warning: overriding recipe for target '.cxx.o'
Ğì$ÖU:228: warning: ignoring old recipe for target '.cxx.o'
Makefile:232: warning: overriding recipe for target '.cxx.S'
Ğì$ÖU:232: warning: ignoring old recipe for target '.cxx.S'
Makefile:236: warning: overriding recipe for target '.cpp.o'
Ğì$ÖU:236: warning: ignoring old recipe for target '.cpp.o'
Makefile:240: warning: overriding recipe for target '.cpp.S'
Ğì$ÖU:240: warning: ignoring old recipe for target '.cpp.S'
Makefile:244: warning: overriding recipe for target '.c.o'
Ğì$ÖU:244: warning: ignoring old recipe for target '.c.o'
Makefile:248: warning: overriding recipe for target '.c.S'
Ğì$ÖU:248: warning: ignoring old recipe for target '.c.S'
Makefile:252: warning: overriding recipe for target '.m.o'
Ğì$ÖU:252: warning: ignoring old recipe for target '.m.o'
Makefile:256: warning: overriding recipe for target '.m.S'
Ğì$ÖU:256: warning: ignoring old recipe for target '.m.S'
Makefile:260: warning: overriding recipe for target 'fastfilereaderext.so'
Ğì$ÖU:260: warning: ignoring old recipe for target 'fastfilereaderext.so'
/usr/bin/install -c -m 0755 fastfilereaderext.so ./.gem.20211008-12962-hc8hus
make[1]: Leaving directory '/home/runner/work/r-socialsci/r-socialsci/.vendor/bundle/ruby/2.7.0/gems/eventmachine-1.2.7/ext/fastfilereader'
